  Gracz.cpp
c:\users\artur\documents\visual studio 2017\projects\doom6\doom5\constants.h(27): warning C4305: 'initializing': truncation from 'double' to 'float'
c:\users\artur\documents\visual studio 2017\projects\doom6\doom5\constants.h(28): warning C4305: 'initializing': truncation from 'double' to 'float'
c:\users\artur\documents\visual studio 2017\projects\doom6\doom5\gracz.cpp(41): warning C4244: '-=': conversion from 'double' to 'float', possible loss of data
c:\users\artur\documents\visual studio 2017\projects\doom6\doom5\gracz.cpp(43): warning C4244: '+=': conversion from 'double' to 'float', possible loss of data
  debugFunctions.cpp
c:\users\artur\documents\visual studio 2017\projects\doom6\doom5\constants.h(27): warning C4305: 'initializing': truncation from 'double' to 'float'
c:\users\artur\documents\visual studio 2017\projects\doom6\doom5\constants.h(28): warning C4305: 'initializing': truncation from 'double' to 'float'
  main_file.cpp
c:\users\artur\documents\visual studio 2017\projects\doom6\doom5\constants.h(27): warning C4305: 'initializing': truncation from 'double' to 'float'
c:\users\artur\documents\visual studio 2017\projects\doom6\doom5\constants.h(28): warning C4305: 'initializing': truncation from 'double' to 'float'
c:\users\artur\documents\visual studio 2017\projects\doom6\doom5\main_file.cpp(149): warning C4244: 'argument': conversion from 'double' to 'float', possible loss of data
c:\users\artur\documents\visual studio 2017\projects\doom6\doom5\main_file.cpp(150): warning C4244: 'argument': conversion from 'double' to 'float', possible loss of data
c:\users\artur\documents\visual studio 2017\projects\doom6\doom5\main_file.cpp(185): warning C4305: 'argument': truncation from 'double' to 'float'
c:\users\artur\documents\visual studio 2017\projects\doom6\doom5\main_file.cpp(186): warning C4305: 'argument': truncation from 'double' to 'float'
  naszaMatematyka.cpp
c:\users\artur\documents\visual studio 2017\projects\doom6\doom5\constants.h(27): warning C4305: 'initializing': truncation from 'double' to 'float'
c:\users\artur\documents\visual studio 2017\projects\doom6\doom5\constants.h(28): warning C4305: 'initializing': truncation from 'double' to 'float'
c:\users\artur\documents\visual studio 2017\projects\doom6\doom5\naszamatematyka.cpp(42): warning C4018: '<': signed/unsigned mismatch
c:\users\artur\documents\visual studio 2017\projects\doom6\doom5\naszamatematyka.cpp(79): warning C4305: 'initializing': truncation from 'double' to 'float'
c:\users\artur\documents\visual studio 2017\projects\doom6\doom5\naszamatematyka.cpp(195): warning C4244: 'initializing': conversion from 'float' to 'int', possible loss of data
c:\users\artur\documents\visual studio 2017\projects\doom6\doom5\naszamatematyka.cpp(196): warning C4244: 'initializing': conversion from 'float' to 'int', possible loss of data
c:\users\artur\documents\visual studio 2017\projects\doom6\doom5\naszamatematyka.cpp(201): warning C4018: '<': signed/unsigned mismatch
  Generating Code...
  DOOM5.vcxproj -> C:\Users\Artur\Documents\Visual Studio 2017\Projects\DOOM6\Debug\DOOM5.exe
