c:\users\luker\documents\github\doom5\doom5\debug\vc141.pdb
c:\users\luker\documents\github\doom5\doom5\debug\vc141.idb
c:\users\luker\documents\github\doom5\doom5\debug\shaderprogram.obj
c:\users\luker\documents\github\doom5\doom5\debug\main_file.obj
c:\users\luker\documents\github\doom5\doom5\debug\lodepng.obj
c:\users\luker\documents\github\doom5\doom5\debug\debugfunctions.obj
c:\users\luker\documents\github\doom5\doom5\debug\model.obj
c:\users\luker\documents\github\doom5\doom5\debug\gracz.obj
c:\users\luker\documents\github\doom5\debug\doom5.ilk
c:\users\luker\documents\github\doom5\debug\doom5.exe
c:\users\luker\documents\github\doom5\debug\doom5.pdb
c:\users\luker\documents\github\doom5\doom5\debug\doom5.res
c:\users\luker\documents\github\doom5\doom5\debug\doom5.tlog\cl.command.1.tlog
c:\users\luker\documents\github\doom5\doom5\debug\doom5.tlog\cl.read.1.tlog
c:\users\luker\documents\github\doom5\doom5\debug\doom5.tlog\cl.write.1.tlog
c:\users\luker\documents\github\doom5\doom5\debug\doom5.tlog\link.command.1.tlog
c:\users\luker\documents\github\doom5\doom5\debug\doom5.tlog\link.read.1.tlog
c:\users\luker\documents\github\doom5\doom5\debug\doom5.tlog\link.write.1.tlog
c:\users\luker\documents\github\doom5\doom5\debug\doom5.tlog\rc.command.1.tlog
c:\users\luker\documents\github\doom5\doom5\debug\doom5.tlog\rc.read.1.tlog
c:\users\luker\documents\github\doom5\doom5\debug\doom5.tlog\rc.write.1.tlog
